<?xml version="1.0" encoding="UTF-8"?>
<!-- Generated by org.testng.reporters.JUnitXMLReporter -->
<testsuite ignored="2" hostname="Meeshos-MacBook-Pro.local" failures="0" tests="2" name="Command line test" time="7.239" errors="0" timestamp="2021-06-18T13:47:08 IST">
  <testcase classname="baseTest" name="myFirstTest" time="3.84"/>
  <testcase classname="baseTest" name="myFirstTest" time="3.379"/>
  <testcase classname="baseTest" name="@AfterSuite uninstallApp" time="0.0">
    <ignored/>
  </testcase> <!-- @AfterSuite uninstallApp -->
  <testcase classname="baseTest" name="@BeforeSuite setupAppium" time="0.0">
    <ignored/>
  </testcase> <!-- @BeforeSuite setupAppium -->
</testsuite> <!-- Command line test -->
