<?xml version="1.0" encoding="UTF-8"?>
<testng-results ignored="2" total="4" passed="2" failed="0" skipped="0">
  <reporter-output>
  </reporter-output>
  <suite started-at="2021-06-18T13:47:01 IST" name="Command line suite" finished-at="2021-06-18T13:47:08 IST" duration-ms="7239">
    <groups>
    </groups>
    <test started-at="2021-06-18T13:47:01 IST" name="Command line test" finished-at="2021-06-18T13:47:08 IST" duration-ms="7239">
      <class name="baseTest">
        <test-method signature="myFirstTest()[pri:0, instance:baseTest@7cbd213e]" started-at="2021-06-18T13:47:05 IST" name="myFirstTest" finished-at="2021-06-18T13:47:08 IST" duration-ms="3379" status="PASS">
          <reporter-output>
          </reporter-output>
        </test-method> <!-- myFirstTest -->
      </class> <!-- baseTest -->
      <class name="AppTest">
        <test-method is-config="true" signature="setupAppium()[pri:0, instance:AppTest@66d1af89]" started-at="2021-06-18T13:46:46 IST" name="setupAppium" finished-at="2021-06-18T13:47:01 IST" duration-ms="14992" status="PASS">
          <reporter-output>
          </reporter-output>
        </test-method> <!-- setupAppium -->
        <test-method signature="myFirstTest()[pri:0, instance:AppTest@66d1af89]" started-at="2021-06-18T13:47:01 IST" name="myFirstTest" finished-at="2021-06-18T13:47:05 IST" duration-ms="3840" status="PASS">
          <reporter-output>
          </reporter-output>
        </test-method> <!-- myFirstTest -->
        <test-method is-config="true" signature="uninstallApp()[pri:0, instance:AppTest@66d1af89]" started-at="2021-06-18T13:47:08 IST" name="uninstallApp" finished-at="2021-06-18T13:47:08 IST" duration-ms="57" status="PASS">
          <reporter-output>
          </reporter-output>
        </test-method> <!-- uninstallApp -->
      </class> <!-- AppTest -->
    </test> <!-- Command line test -->
  </suite> <!-- Command line suite -->
</testng-results>
